[INFO] Scanning for projects...
[WARNING] 
[WARNING] Some problems were encountered while building the effective model for org.apache.flink:flink-statebackend-rocksdb_2.11:jar:1.12-SNAPSHOT
[WARNING] 'artifactId' contains an expression but should be a constant. @ org.apache.flink:flink-statebackend-rocksdb_${scala.binary.version}:[unknown-version], /Users/myasuka/Documents/GitHub/flink/flink-state-backends/flink-statebackend-rocksdb/pom.xml, line 34, column 14
[WARNING] 
[WARNING] It is highly recommended to fix these problems because they threaten the stability of your build.
[WARNING] 
[WARNING] For this reason, future Maven versions might no longer support building such malformed projects.
[WARNING] 
[INFO]                                                                         
[INFO] ------------------------------------------------------------------------
[INFO] Building flink-statebackend-rocksdb 1.12-SNAPSHOT
[INFO] ------------------------------------------------------------------------
[INFO] 
[INFO] --- maven-checkstyle-plugin:2.17:check (validate) @ flink-statebackend-rocksdb_2.11 ---
[INFO] 
[INFO] --- maven-enforcer-plugin:3.0.0-M1:enforce (enforce-maven-version) @ flink-statebackend-rocksdb_2.11 ---
[INFO] 
[INFO] --- maven-enforcer-plugin:3.0.0-M1:enforce (enforce-maven) @ flink-statebackend-rocksdb_2.11 ---
[INFO] 
[INFO] --- maven-enforcer-plugin:3.0.0-M1:enforce (ban-unsafe-jackson) @ flink-statebackend-rocksdb_2.11 ---
[INFO] 
[INFO] --- maven-enforcer-plugin:3.0.0-M1:enforce (forbid-log4j-1) @ flink-statebackend-rocksdb_2.11 ---
[INFO] 
[INFO] --- maven-enforcer-plugin:3.0.0-M1:enforce (enforce-versions) @ flink-statebackend-rocksdb_2.11 ---
[INFO] 
[INFO] --- directory-maven-plugin:0.1:highest-basedir (directories) @ flink-statebackend-rocksdb_2.11 ---
[INFO] Highest basedir set to: /Users/myasuka/Documents/GitHub/flink
[INFO] 
[INFO] --- maven-remote-resources-plugin:1.5:process (process-resource-bundles) @ flink-statebackend-rocksdb_2.11 ---
[INFO] 
[INFO] --- maven-resources-plugin:3.1.0:resources (default-resources) @ flink-statebackend-rocksdb_2.11 ---
[INFO] Using 'UTF-8' encoding to copy filtered resources.
[INFO] skip non existing resourceDirectory /Users/myasuka/Documents/GitHub/flink/flink-state-backends/flink-statebackend-rocksdb/src/main/resources
[INFO] Copying 3 resources
[INFO] 
[INFO] --- maven-compiler-plugin:3.8.0:compile (default-compile) @ flink-statebackend-rocksdb_2.11 ---
[INFO] Nothing to compile - all classes are up to date
[INFO] 
[INFO] --- maven-resources-plugin:3.1.0:testResources (default-testResources) @ flink-statebackend-rocksdb_2.11 ---
[INFO] Using 'UTF-8' encoding to copy filtered resources.
[INFO] Copying 1 resource
[INFO] Copying 3 resources
[INFO] 
[INFO] --- maven-compiler-plugin:3.8.0:testCompile (default-testCompile) @ flink-statebackend-rocksdb_2.11 ---
[INFO] Nothing to compile - all classes are up to date
[INFO] 
[INFO] --- maven-surefire-plugin:2.22.1:test (default-test) @ flink-statebackend-rocksdb_2.11 ---
[INFO] 
[INFO] -------------------------------------------------------
[INFO]  T E S T S
[INFO] -------------------------------------------------------
[INFO] Running org.apache.flink.contrib.streaming.state.RocksDBWriteBatchWrapperTest
[INFO] Running org.apache.flink.contrib.streaming.state.benchmark.StateBackendBenchmarkUtilsTest
[INFO] Running org.apache.flink.contrib.streaming.state.benchmark.RocksDBWriteBatchPerformanceTest
[INFO] Running org.apache.flink.contrib.streaming.state.benchmark.RocksDBPerformanceTest
[INFO] Running org.apache.flink.contrib.streaming.state.benchmark.RocksDBListStatePerformanceTest
[INFO] Running org.apache.flink.contrib.streaming.state.RocksDBStateDownloaderTest
[INFO] Running org.apache.flink.contrib.streaming.state.RocksDbMultiClassLoaderTest
[INFO] Running org.apache.flink.contrib.streaming.state.RocksDBOptionsFactoryCompatibilityTest
[INFO] Tests run: 3, Failures: 0, Errors: 0, Skipped: 0, Time elapsed: 1.561 s - in org.apache.flink.contrib.streaming.state.RocksDBWriteBatchWrapperTest
[INFO] Running org.apache.flink.contrib.streaming.state.RocksDBStateUploaderTest
[INFO] Tests run: 2, Failures: 0, Errors: 0, Skipped: 0, Time elapsed: 1.897 s - in org.apache.flink.contrib.streaming.state.RocksDBStateDownloaderTest
[INFO] Running org.apache.flink.contrib.streaming.state.ttl.FullSnapshotRocksDbTtlStateTest
[INFO] Tests run: 3, Failures: 0, Errors: 0, Skipped: 0, Time elapsed: 1.782 s - in org.apache.flink.contrib.streaming.state.RocksDBOptionsFactoryCompatibilityTest
[INFO] Running org.apache.flink.contrib.streaming.state.ttl.IncSnapshotRocksDbTtlStateTest
[INFO] Tests run: 1, Failures: 0, Errors: 0, Skipped: 0, Time elapsed: 2.247 s - in org.apache.flink.contrib.streaming.state.benchmark.RocksDBListStatePerformanceTest
[INFO] Running org.apache.flink.contrib.streaming.state.RocksIncrementalCheckpointRescalingTest
[INFO] Tests run: 2, Failures: 0, Errors: 0, Skipped: 0, Time elapsed: 1.39 s - in org.apache.flink.contrib.streaming.state.RocksDBStateUploaderTest
[INFO] Running org.apache.flink.contrib.streaming.state.RocksDBAsyncSnapshotTest
[INFO] Tests run: 1, Failures: 0, Errors: 0, Skipped: 0, Time elapsed: 3.006 s - in org.apache.flink.contrib.streaming.state.benchmark.RocksDBWriteBatchPerformanceTest
[INFO] Running org.apache.flink.contrib.streaming.state.RocksDBNativeMetricMonitorTest
[INFO] Tests run: 1, Failures: 0, Errors: 0, Skipped: 0, Time elapsed: 3.095 s - in org.apache.flink.contrib.streaming.state.RocksDbMultiClassLoaderTest
[INFO] Running org.apache.flink.contrib.streaming.state.RocksDBKeySerializationUtilsTest
[INFO] Tests run: 3, Failures: 0, Errors: 0, Skipped: 0, Time elapsed: 0.19 s - in org.apache.flink.contrib.streaming.state.RocksDBNativeMetricMonitorTest
[INFO] Running org.apache.flink.contrib.streaming.state.RocksDBResourceContainerTest
[INFO] Tests run: 10, Failures: 0, Errors: 0, Skipped: 0, Time elapsed: 0.025 s - in org.apache.flink.contrib.streaming.state.RocksDBResourceContainerTest
[INFO] Running org.apache.flink.contrib.streaming.state.RocksDBSerializedCompositeKeyBuilderTest
[INFO] Tests run: 3, Failures: 0, Errors: 0, Skipped: 0, Time elapsed: 0.047 s - in org.apache.flink.contrib.streaming.state.RocksDBSerializedCompositeKeyBuilderTest
[INFO] Running org.apache.flink.contrib.streaming.state.RocksKeyGroupsRocksSingleStateIteratorTest
[INFO] Tests run: 4, Failures: 0, Errors: 0, Skipped: 0, Time elapsed: 0.122 s - in org.apache.flink.contrib.streaming.state.RocksDBKeySerializationUtilsTest
[INFO] Running org.apache.flink.contrib.streaming.state.RocksDBPropertyTest
[INFO] Tests run: 12, Failures: 0, Errors: 0, Skipped: 0, Time elapsed: 3.432 s - in org.apache.flink.contrib.streaming.state.benchmark.StateBackendBenchmarkUtilsTest
[INFO] Running org.apache.flink.contrib.streaming.state.RocksDBOperationsUtilsTest
[WARNING] Tests run: 1, Failures: 0, Errors: 0, Skipped: 1, Time elapsed: 0.013 s - in org.apache.flink.contrib.streaming.state.RocksDBOperationsUtilsTest
[INFO] Running org.apache.flink.contrib.streaming.state.RocksDBInitTest
[INFO] Tests run: 2, Failures: 0, Errors: 0, Skipped: 0, Time elapsed: 3.568 s - in org.apache.flink.contrib.streaming.state.benchmark.RocksDBPerformanceTest
[INFO] Running org.apache.flink.contrib.streaming.state.RocksDBStateMisuseOptionTest
[INFO] Tests run: 1, Failures: 0, Errors: 0, Skipped: 0, Time elapsed: 0.693 s - in org.apache.flink.contrib.streaming.state.RocksDBPropertyTest
[INFO] Running org.apache.flink.contrib.streaming.state.RocksDBStateBackendTest
[INFO] Tests run: 2, Failures: 0, Errors: 0, Skipped: 0, Time elapsed: 0.942 s - in org.apache.flink.contrib.streaming.state.RocksDBStateMisuseOptionTest
[INFO] Running org.apache.flink.contrib.streaming.state.RocksDBIncrementalCheckpointUtilsTest
[INFO] Tests run: 2, Failures: 0, Errors: 0, Skipped: 0, Time elapsed: 3.354 s - in org.apache.flink.contrib.streaming.state.RocksIncrementalCheckpointRescalingTest
[INFO] Running org.apache.flink.contrib.streaming.state.RocksDBStateBackendMigrationTest
[INFO] Tests run: 2, Failures: 0, Errors: 0, Skipped: 0, Time elapsed: 2.54 s - in org.apache.flink.contrib.streaming.state.RocksDBIncrementalCheckpointUtilsTest
[INFO] Running org.apache.flink.contrib.streaming.state.RocksDBStateBackendFactoryTest
[INFO] Tests run: 3, Failures: 0, Errors: 0, Skipped: 0, Time elapsed: 0.023 s - in org.apache.flink.contrib.streaming.state.RocksDBStateBackendFactoryTest
[INFO] Running org.apache.flink.contrib.streaming.state.RocksDBRocksStateKeysIteratorTest
[INFO] Tests run: 1, Failures: 0, Errors: 0, Skipped: 0, Time elapsed: 0.613 s - in org.apache.flink.contrib.streaming.state.RocksDBRocksStateKeysIteratorTest
[INFO] Running org.apache.flink.contrib.streaming.state.RocksDBNativeMetricOptionsTest
[INFO] Tests run: 1, Failures: 0, Errors: 0, Skipped: 0, Time elapsed: 0.008 s - in org.apache.flink.contrib.streaming.state.RocksDBNativeMetricOptionsTest
[INFO] Running org.apache.flink.contrib.streaming.state.RocksDBMemoryControllerUtilsTest
[INFO] Tests run: 1, Failures: 0, Errors: 0, Skipped: 0, Time elapsed: 3.988 s - in org.apache.flink.contrib.streaming.state.RocksDBMemoryControllerUtilsTest
[INFO] Running org.apache.flink.contrib.streaming.state.RocksDBStateBackendConfigTest
[INFO] Tests run: 58, Failures: 0, Errors: 0, Skipped: 0, Time elapsed: 6.152 s - in org.apache.flink.contrib.streaming.state.RocksDBStateBackendMigrationTest
[INFO] Running org.apache.flink.contrib.streaming.state.KeyGroupPartitionedPriorityQueueWithRocksDBStoreTest
[INFO] Tests run: 2, Failures: 0, Errors: 0, Skipped: 0, Time elapsed: 9.331 s - in org.apache.flink.contrib.streaming.state.RocksDBInitTest
[INFO] Tests run: 4, Failures: 0, Errors: 0, Skipped: 0, Time elapsed: 9.969 s - in org.apache.flink.contrib.streaming.state.RocksDBAsyncSnapshotTest
[INFO] Tests run: 24, Failures: 0, Errors: 0, Skipped: 0, Time elapsed: 1.258 s - in org.apache.flink.contrib.streaming.state.RocksDBStateBackendConfigTest
[INFO] Tests run: 8, Failures: 0, Errors: 0, Skipped: 0, Time elapsed: 2.849 s - in org.apache.flink.contrib.streaming.state.KeyGroupPartitionedPriorityQueueWithRocksDBStoreTest
[INFO] Tests run: 3, Failures: 0, Errors: 0, Skipped: 0, Time elapsed: 12.143 s - in org.apache.flink.contrib.streaming.state.RocksKeyGroupsRocksSingleStateIteratorTest
[WARNING] Tests run: 153, Failures: 0, Errors: 0, Skipped: 14, Time elapsed: 27.424 s - in org.apache.flink.contrib.streaming.state.ttl.FullSnapshotRocksDbTtlStateTest
[WARNING] Tests run: 153, Failures: 0, Errors: 0, Skipped: 32, Time elapsed: 29.274 s - in org.apache.flink.contrib.streaming.state.ttl.IncSnapshotRocksDbTtlStateTest
[INFO] Tests run: 144, Failures: 0, Errors: 0, Skipped: 0, Time elapsed: 130.61 s - in org.apache.flink.contrib.streaming.state.RocksDBStateBackendTest
[INFO] 
[INFO] Results:
[INFO] 
[WARNING] Tests run: 610, Failures: 0, Errors: 0, Skipped: 47
[INFO] 
[INFO] ------------------------------------------------------------------------
[INFO] BUILD SUCCESS
[INFO] ------------------------------------------------------------------------
[INFO] Total time: 02:22 min
[INFO] Finished at: 2020-06-18T17:33:21+08:00
[INFO] Final Memory: 27M/465M
[INFO] ------------------------------------------------------------------------
